<?xml version="1.0" encoding="UTF-8"?>
<testsuite xmlns:xsi="http://www.w3.org/2001/XMLSchema-instance" xsi:noNamespaceSchemaLocation="https://maven.apache.org/surefire/maven-surefire-plugin/xsd/surefire-test-report.xsd" name="org.shoping.common.AppTest" time="0.025" tests="1" errors="0" skipped="0" failures="0">
  <properties>
    <property name="sun.desktop" value="windows"/>
    <property name="awt.toolkit" value="sun.awt.windows.WToolkit"/>
    <property name="file.encoding.pkg" value="sun.io"/>
    <property name="java.specification.version" value="1.8"/>
    <property name="sun.cpu.isalist" value="pentium_pro+mmx pentium_pro pentium+mmx pentium i486 i386 i86"/>
    <property name="sun.jnu.encoding" value="GBK"/>
    <property name="java.class.path" value="D:\SpringSTS\shoping-parent\shoping-common\target\test-classes;D:\SpringSTS\shoping-parent\shoping-common\target\classes;D:\mvnrepository\repository\junit\junit\4.11\junit-4.11.jar;D:\mvnrepository\repository\org\hamcrest\hamcrest-core\1.3\hamcrest-core-1.3.jar;"/>
    <property name="java.vm.vendor" value="Oracle Corporation"/>
    <property name="sun.arch.data.model" value="32"/>
    <property name="user.variant" value=""/>
    <property name="java.vendor.url" value="http://java.oracle.com/"/>
    <property name="user.timezone" value="Asia/Shanghai"/>
    <property name="java.vm.specification.version" value="1.8"/>
    <property name="os.name" value="Windows 8.1"/>
    <property name="user.country" value="CN"/>
    <property name="sun.java.launcher" value="SUN_STANDARD"/>
    <property name="sun.boot.library.path" value="D:\JavaSoft\jdk1.8.0_45\jre\bin"/>
    <property name="sun.java.command" value="C:\Users\tanwen\AppData\Local\Temp\surefire5573677272966232611\surefirebooter744514792621746435.jar C:\Users\tanwen\AppData\Local\Temp\surefire5573677272966232611 2019-05-31T23-30-50_521-jvmRun1 surefire8565107811839394215tmp surefire_09201440245404102942tmp"/>
    <property name="surefire.test.class.path" value="D:\SpringSTS\shoping-parent\shoping-common\target\test-classes;D:\SpringSTS\shoping-parent\shoping-common\target\classes;D:\mvnrepository\repository\junit\junit\4.11\junit-4.11.jar;D:\mvnrepository\repository\org\hamcrest\hamcrest-core\1.3\hamcrest-core-1.3.jar;"/>
    <property name="sun.cpu.endian" value="little"/>
    <property name="user.home" value="C:\Users\tanwen"/>
    <property name="user.language" value="zh"/>
    <property name="java.specification.vendor" value="Oracle Corporation"/>
    <property name="java.home" value="D:\JavaSoft\jdk1.8.0_45\jre"/>
    <property name="basedir" value="D:\SpringSTS\shoping-parent\shoping-common"/>
    <property name="file.separator" value="\"/>
    <property name="line.separator" value="&#10;"/>
    <property name="java.vm.specification.vendor" value="Oracle Corporation"/>
    <property name="java.specification.name" value="Java Platform API Specification"/>
    <property name="java.awt.graphicsenv" value="sun.awt.Win32GraphicsEnvironment"/>
    <property name="surefire.real.class.path" value="C:\Users\tanwen\AppData\Local\Temp\surefire5573677272966232611\surefirebooter744514792621746435.jar"/>
    <property name="sun.boot.class.path" value="D:\JavaSoft\jdk1.8.0_45\jre\lib\resources.jar;D:\JavaSoft\jdk1.8.0_45\jre\lib\rt.jar;D:\JavaSoft\jdk1.8.0_45\jre\lib\sunrsasign.jar;D:\JavaSoft\jdk1.8.0_45\jre\lib\jsse.jar;D:\JavaSoft\jdk1.8.0_45\jre\lib\jce.jar;D:\JavaSoft\jdk1.8.0_45\jre\lib\charsets.jar;D:\JavaSoft\jdk1.8.0_45\jre\lib\jfr.jar;D:\JavaSoft\jdk1.8.0_45\jre\classes"/>
    <property name="user.script" value=""/>
    <property name="sun.management.compiler" value="HotSpot Client Compiler"/>
    <property name="java.runtime.version" value="1.8.0_45-b14"/>
    <property name="user.name" value="tanwen"/>
    <property name="path.separator" value=";"/>
    <property name="os.version" value="6.3"/>
    <property name="java.endorsed.dirs" value="D:\JavaSoft\jdk1.8.0_45\jre\lib\endorsed"/>
    <property name="java.runtime.name" value="Java(TM) SE Runtime Environment"/>
    <property name="file.encoding" value="GBK"/>
    <property name="java.vm.name" value="Java HotSpot(TM) Client VM"/>
    <property name="localRepository" value="D:\mvnrepository\repository"/>
    <property name="java.vendor.url.bug" value="http://bugreport.sun.com/bugreport/"/>
    <property name="java.io.tmpdir" value="C:\Users\tanwen\AppData\Local\Temp\"/>
    <property name="java.version" value="1.8.0_45"/>
    <property name="user.dir" value="D:\SpringSTS\shoping-parent\shoping-common"/>
    <property name="os.arch" value="x86"/>
    <property name="java.vm.specification.name" value="Java Virtual Machine Specification"/>
    <property name="java.awt.printerjob" value="sun.awt.windows.WPrinterJob"/>
    <property name="sun.os.patch.level" value=""/>
    <property name="java.library.path" value="D:\JavaSoft\jdk1.8.0_45\jre\bin;C:\WINDOWS\Sun\Java\bin;C:\WINDOWS\system32;C:\WINDOWS;D:/JavaSoft/jdk1.8.0_45/bin/../jre/bin/client;D:/JavaSoft/jdk1.8.0_45/bin/../jre/bin;D:/JavaSoft/jdk1.8.0_45/bin/../jre/lib/i386;D:\soft\XShell-6\;D:\Python36-32\Scripts\;D:\Python36-32\;C:\Program Files (x86)\Intel\iCLS Client\;C:\Program Files\Intel\iCLS Client\;C:\WINDOWS\system32;C:\WINDOWS;C:\WINDOWS\System32\Wbem;C:\Program Files\Intel\Intel(R) Management Engine Components\IPT;C:\WINDOWS\System32\WindowsPowerShell\v1.0\;C:\Program Files (x86)\Intel\Intel(R) Management Engine Components\DAL;C:\Program Files\Intel\Intel(R) Management Engine Components\DAL;C:\Program Files (x86)\Intel\Intel(R) Management Engine Components\IPT;D:\JavaSoft\jdk1.8.0_45\bin;D:\JavaSoft\jdk1.8.0_45\jre\bin;D:\JavaSoft\apache-maven-3.5.2-bin\apache-maven-3.5.2\bin;C:\WINDOWS\System32\OpenSSH\;C:\Program Files\MySQL\MySQL Server 5.7\bin;C:\Program Files\Intel\WiFi\bin\;C:\Program Files\Common Files\Intel\WirelessCommon\;D:\soft\Git\Git\cmd;D:\soft\Nodejs\;C:\Users\tanwen\AppData\Local\Microsoft\WindowsApps;C:\Users\tanwen\AppData\Roaming\npm;D:\soft\spring-tool-suite-3.7.3.RELEASE-e4.5.2-win32\sts-bundle\sts-3.7.3.RELEASE;;."/>
    <property name="java.vm.info" value="mixed mode"/>
    <property name="java.vendor" value="Oracle Corporation"/>
    <property name="java.vm.version" value="25.45-b02"/>
    <property name="java.ext.dirs" value="D:\JavaSoft\jdk1.8.0_45\jre\lib\ext;C:\WINDOWS\Sun\Java\lib\ext"/>
    <property name="sun.io.unicode.encoding" value="UnicodeLittle"/>
    <property name="java.class.version" value="52.0"/>
  </properties>
  <testcase name="shouldAnswerWithTrue" classname="org.shoping.common.AppTest" time="0.001"/>
</testsuite>